run with DebugConfig
Start add_books...
http://api.open.book.sina.com.cn/cpoutput/weidian/books?sign=816b0863af2ed44ab67ccc5e4a819397
查询时间 0.049017906189
##book:  184311 431 867336 2017-01-04 11:04:19 {'max_cid': 906, 'max_vid': 344, 'update_time': '2017-01-04 11:04:19', 'word_count': 867336, 'chapter_num': 431}
##book:  149221 590 608934 2017-01-04 11:03:48 {'max_cid': 1496, 'max_vid': 345, 'update_time': '2017-01-04 11:03:48', 'word_count': 608934, 'chapter_num': 590}
##book:  153407 235 566202 2017-06-05 16:12:51 {'max_cid': 343, 'max_vid': 346, 'update_time': '2017-06-05 16:12:51', 'word_count': 566202, 'chapter_num': 235}
##book:  232600 415 1139461 2017-06-05 16:11:52 {'max_cid': 488, 'max_vid': 347, 'update_time': '2017-06-05 16:11:52', 'word_count': 1139461, 'chapter_num': 415}
##book:  97148 299 536387 2017-02-22 11:59:56 {'max_cid': 319, 'max_vid': 348, 'update_time': '2017-02-22 11:59:56', 'word_count': 536387, 'chapter_num': 299}
##book:  158152 254 527660 2017-06-05 16:10:50 {'max_cid': 260, 'max_vid': 349, 'update_time': '2017-06-05 16:10:50', 'word_count': 527660, 'chapter_num': 254}
##book:  117297 314 825184 2017-02-15 14:45:22 {'max_cid': 657, 'max_vid': 350, 'update_time': '2017-02-15 14:45:22', 'word_count': 825184, 'chapter_num': 314}
##book:  94895 210 542027 2017-06-05 16:09:06 {'max_cid': 317, 'max_vid': 351, 'update_time': '2017-06-05 16:09:06', 'word_count': 542027, 'chapter_num': 210}
##book:  110754 222 528319 2017-02-22 11:58:59 {'max_cid': 345, 'max_vid': 352, 'update_time': '2017-02-22 11:58:59', 'word_count': 528319, 'chapter_num': 222}
##book:  242300 237 594341 2017-01-04 10:59:30 {'max_cid': 725, 'max_vid': 353, 'update_time': '2017-01-04 10:59:30', 'word_count': 594341, 'chapter_num': 237}
##book:  153266 199 486201 2017-02-22 11:58:20 {'max_cid': 499, 'max_vid': 354, 'update_time': '2017-02-22 11:58:20', 'word_count': 486201, 'chapter_num': 199}
##book:  233916 561 1278149 2017-01-04 10:57:34 {'max_cid': 1060, 'max_vid': 356, 'update_time': '2017-01-04 10:57:34', 'word_count': 1278149, 'chapter_num': 561}
##book:  216018 283 735795 2017-01-04 10:57:04 {'max_cid': 602, 'max_vid': 357, 'update_time': '2017-01-04 10:57:04', 'word_count': 735795, 'chapter_num': 283}
##book:  153920 517 878889 2017-01-04 10:56:39 {}
**volume:  0
358
==chapter:  0
726
727
728
729
730
731
732
733
734
735
736
737
738
739
740
741
742
743
744
745
746
747
748
749
750
751
752
753
754
755
756
757
758
759
760
761
762
763
764
765
766
767
768
769
770
771
772
773
774
775
776
777
778
779
780
781
782
783
784
785
786
787
788
789
790
791
792
793
794
795
796
797
798
799
800
801
802
803
804
805
806
807
808
809
810
811
812
813
814
815
816
817
818
819
820
821
822
823
824
825
826
827
828
829
830
831
832
833
834
835
836
837
838
839
840
841
842
843
844
845
846
847
848
849
850
851
852
853
854
855
856
857
858
859
860
861
862
863
864
865
866
867
868
869
870
871
872
873
874
875
876
877
878
879
880
881
882
883
884
885
886
887
888
889
890
891
892
893
894
895
896
897
898
899
900
901
902
903
904
905
906
907
908
909
910
911
912
913
914
915
916
917
918
919
920
921
922
923
924
925
926
927
928
929
930
931
932
933
934
935
936
937
938
939
940
941
942
943
944
945
946
947
948
949
950
951
952
953
954
955
956
957
958
959
960
961
962
963
964
965
966
967
968
969
970
971
972
973
974
975
976
977
978
979
980
981
982
983
984
985
986
987
988
989
990
991
992
993
994
995
996
997
998
999
1000
1001
1002
1003
1004
1005
1006
1007
1008
1009
1010
1011
1012
1013
1014
1015
1016
1017
1018
1019
1020
1021
1022
1023
1024
1025
1026
1027
1028
1029
1030
1031
1032
1033
1034
1035
1036
1037
1038
1039
1040
1041
1042
1043
1044
1045
1046
1047
1048
1049
1050
1051
1052
1053
1054
1055
1056
1057
1058
1059
1060
1061
1062
1063
1064
1065
1066
1067
1068
1069
1070
1071
1072
1073
1074
1075
1076
1077
1078
1079
1080
1081
1082
1083
1084
1085
1086
1087
1088
1089
1090
1091
1092
1093
1094
1095
1096
1097
1098
1099
1100
1101
1102
1103
1104
1105
1106
1107
1108
1109
1110
1111
1112
1113
1114
1115
1116
1117
1118
1119
1120
1121
1122
1123
1124
1125
1126
1127
1128
1129
1130
1131
1132
1133
1134
1135
1136
1137
1138
1139
1140
1141
1142
1143
1144
1145
1146
1147
1148
1149
1150
1151
1152
1153
1154
1155
1156
1157
1158
1159
1160
1161
1162
1163
1164
1165
1166
1167
1168
1169
1170
1171
1172
1173
1174
1175
1176
1177
1178
1179
1180
1181
1182
1183
1184
1185
1186
1187
1188
1189
1190
1191
1192
1193
1194
1195
1196
1197
1198
1199
1200
1201
1202
1203
1204
1205
1206
1207
1208
1209
1210
1211
1212
1213
1214
1215
1216
1217
1218
1219
1220
1221
1222
1223
1224
1225
1226
1227
1228
1229
1230
1231
1232
1233
1234
1235
1236
1237
1238
1239
1240
1241
1242
##book:  145575 229 500547 2017-01-04 10:55:44 {'max_cid': 875, 'max_vid': 362, 'update_time': '2017-01-04 10:55:44', 'word_count': 500547, 'chapter_num': 229}
##book:  125652 225 541496 2017-05-05 11:58:49 {'max_cid': 485, 'max_vid': 363, 'update_time': '2017-05-05 11:58:49', 'word_count': 541496, 'chapter_num': 225}
##book:  181981 407 889535 2017-01-04 10:54:50 {'max_cid': 1903, 'max_vid': 367, 'update_time': '2017-01-04 10:54:50', 'word_count': 889535, 'chapter_num': 407}
##book:  249101 810 1306030 2017-01-04 10:54:23 {'max_cid': 2713, 'max_vid': 368, 'update_time': '2017-01-04 10:54:23', 'word_count': 1306030, 'chapter_num': 810}
##book:  94660 540 1136938 2017-01-04 10:53:56 {'max_cid': 1782, 'max_vid': 369, 'update_time': '2017-01-04 10:53:56', 'word_count': 1136938, 'chapter_num': 540}
##book:  126217 328 644270 2017-02-22 11:56:50 {'max_cid': 985, 'max_vid': 374, 'update_time': '2017-02-22 11:56:50', 'word_count': 644270, 'chapter_num': 328}
##book:  187103 295 759533 2017-06-05 16:07:43 {'max_cid': 424, 'max_vid': 377, 'update_time': '2017-06-05 16:07:43', 'word_count': 759533, 'chapter_num': 295}
##book:  69473 391 933288 2017-01-04 10:52:08 {'max_cid': 815, 'max_vid': 379, 'update_time': '2017-01-04 10:52:08', 'word_count': 933288, 'chapter_num': 391}
##book:  203629 319 843882 2017-01-04 10:51:39 {'max_cid': 396, 'max_vid': 380, 'update_time': '2017-01-04 10:51:39', 'word_count': 843882, 'chapter_num': 319}
##book:  160299 324 614715 2017-02-22 11:56:13 {'max_cid': 720, 'max_vid': 385, 'update_time': '2017-02-22 11:56:13', 'word_count': 614715, 'chapter_num': 324}
##book:  5346092 1310 3820720 2017-01-04 10:50:33 {'max_cid': 1795, 'max_vid': 386, 'update_time': '2017-01-04 10:50:33', 'word_count': 3820720, 'chapter_num': 1310}
##book:  249124 456 952592 2017-01-04 10:49:38 {'max_cid': 801, 'max_vid': 1998, 'update_time': '2017-01-04 10:49:38', 'word_count': 952592, 'chapter_num': 456}
##book:  177671 2886 9281220 2017-01-04 10:49:06 {'max_cid': 13714, 'max_vid': 2000, 'update_time': '2017-01-04 10:49:06', 'word_count': 9281220, 'chapter_num': 2886}
##book:  220872 325 905829 2017-06-08 15:01:05 {'max_cid': 2120, 'max_vid': 2003, 'update_time': '2017-06-08 15:01:05', 'word_count': 905829, 'chapter_num': 325}
##book:  135112 138 344551 2017-01-04 10:47:59 {'max_cid': 2258, 'max_vid': 2009, 'update_time': '2017-01-04 10:47:59', 'word_count': 344551, 'chapter_num': 138}
##book:  177919 185 464341 2017-01-04 10:47:29 {'max_cid': 905, 'max_vid': 2013, 'update_time': '2017-01-04 10:47:29', 'word_count': 464341, 'chapter_num': 185}
##book:  5347729 316 831893 2017-02-22 11:55:34 {'max_cid': 1221, 'max_vid': 2015, 'update_time': '2017-02-22 11:55:34', 'word_count': 831893, 'chapter_num': 316}
##book:  112200 464 1296116 2017-02-22 11:54:57 {'max_cid': 2246, 'max_vid': 2033, 'update_time': '2017-02-22 11:54:57', 'word_count': 1296116, 'chapter_num': 464}
##book:  5346093 227 621765 2017-01-04 10:45:36 {'max_cid': 1042, 'max_vid': 2036, 'update_time': '2017-01-04 10:45:36', 'word_count': 621765, 'chapter_num': 227}
##book:  197433 171 468160 2017-02-22 11:54:21 {'max_cid': 1213, 'max_vid': 2042, 'update_time': '2017-02-22 11:54:21', 'word_count': 468160, 'chapter_num': 171}
##book:  5348552 93 239189 2017-03-09 12:02:48 {'max_cid': 2351, 'max_vid': 2043, 'update_time': '2017-03-09 12:02:48', 'word_count': 239189, 'chapter_num': 93}
##book:  75836 89 205781 2017-03-09 12:07:50 {'max_cid': 1149, 'max_vid': 2045, 'update_time': '2017-03-09 12:07:50', 'word_count': 205781, 'chapter_num': 89}
##book:  89518 306 834706 2017-03-09 12:17:55 {'max_cid': 952, 'max_vid': 2051, 'update_time': '2017-03-09 12:17:55', 'word_count': 834706, 'chapter_num': 306}
##book:  122740 173 502633 2017-03-09 16:47:15 {'max_cid': 2419, 'max_vid': 2055, 'update_time': '2017-03-09 16:47:15', 'word_count': 502633, 'chapter_num': 173}
##book:  99147 262 744319 2017-03-09 17:00:37 {'max_cid': 1247, 'max_vid': 2059, 'update_time': '2017-03-09 17:00:37', 'word_count': 744319, 'chapter_num': 262}
##book:  121102 190 496258 2017-03-09 17:10:50 {'max_cid': 2541, 'max_vid': 2063, 'update_time': '2017-03-09 17:10:50', 'word_count': 496258, 'chapter_num': 190}
##book:  201712 191 500536 2017-03-09 17:22:37 {'max_cid': 2732, 'max_vid': 2068, 'update_time': '2017-03-09 17:22:37', 'word_count': 500536, 'chapter_num': 191}
##book:  241875 272 828533 2017-03-09 18:00:06 {'max_cid': 2732, 'max_vid': 2295, 'update_time': '2017-03-09 18:00:06', 'word_count': 828533, 'chapter_num': 272}
##book:  5348664 201 573212 2017-03-10 11:19:47 {'max_cid': 1002, 'max_vid': 2076, 'update_time': '2017-03-10 11:19:47', 'word_count': 573212, 'chapter_num': 201}
##book:  5363840 689 2112065 2017-07-12 15:05:22 {'max_cid': 3390, 'max_vid': 2231, 'update_time': '2017-07-12 15:05:22', 'word_count': 2112065, 'chapter_num': 689}
##book:  5366883 247 688209 2017-05-10 18:01:38 {'max_cid': 1540, 'max_vid': 2163, 'update_time': '2017-05-10 18:01:38', 'word_count': 688209, 'chapter_num': 247}
##book:  5366877 177 483756 2017-03-10 12:15:05 {'max_cid': 1424, 'max_vid': 2079, 'update_time': '2017-03-10 12:15:05', 'word_count': 483756, 'chapter_num': 177}
##book:  5365799 268 803421 2017-05-24 15:19:26 {'max_cid': 1489, 'max_vid': 2164, 'update_time': '2017-05-24 15:19:26', 'word_count': 803421, 'chapter_num': 268}
##book:  117090 282 766676 2017-03-10 15:29:14 {'max_cid': 3022, 'max_vid': 2085, 'update_time': '2017-03-10 15:29:14', 'word_count': 766676, 'chapter_num': 282}
##book:  230538 255 715009 2017-03-10 15:44:32 {'max_cid': 1207, 'max_vid': 2087, 'update_time': '2017-03-10 15:44:32', 'word_count': 715009, 'chapter_num': 255}
##book:  142474 227 634059 2017-03-10 15:54:09 {'max_cid': 1229, 'max_vid': 2090, 'update_time': '2017-03-10 15:54:09', 'word_count': 634059, 'chapter_num': 227}
##book:  205771 320 932014 2017-08-23 18:29:57 {'max_cid': 14859, 'max_vid': 2384, 'update_time': '2017-08-23 18:29:57', 'word_count': 932014, 'chapter_num': 320}
##book:  240657 319 859594 2017-03-10 16:20:34 {'max_cid': 1743, 'max_vid': 2101, 'update_time': '2017-03-10 16:20:34', 'word_count': 859594, 'chapter_num': 319}
##book:  173478 270 735272 2017-03-10 16:30:59 {'max_cid': 1477, 'max_vid': 2103, 'update_time': '2017-03-10 16:30:59', 'word_count': 735272, 'chapter_num': 270}
##book:  197565 185 497860 2017-05-03 11:25:54 {'max_cid': 1213, 'max_vid': 2108, 'update_time': '2017-05-03 11:25:54', 'word_count': 497860, 'chapter_num': 185}
##book:  5373783 231 646139 2017-07-03 13:48:32 {'max_cid': 2530, 'max_vid': 2248, 'update_time': '2017-07-03 13:48:32', 'word_count': 646139, 'chapter_num': 231}
##book:  173369 199 566213 2017-05-03 11:32:39 {'max_cid': 1688, 'max_vid': 2175, 'update_time': '2017-05-03 11:32:39', 'word_count': 566213, 'chapter_num': 199}
##book:  133817 178 445608 2017-05-17 10:45:57 {'max_cid': 1921, 'max_vid': 2178, 'update_time': '2017-05-17 10:45:57', 'word_count': 445608, 'chapter_num': 178}
##book:  237135 183 496422 2017-05-24 14:49:26 {'max_cid': 1775, 'max_vid': 2184, 'update_time': '2017-05-24 14:49:26', 'word_count': 496422, 'chapter_num': 183}
##book:  152234 552 1728397 2017-07-21 10:30:24 {'max_cid': 2020, 'max_vid': 2193, 'update_time': '2017-07-21 10:30:24', 'word_count': 1728397, 'chapter_num': 552}
##book:  214344 128 397210 2017-05-17 10:47:02 {'max_cid': 2148, 'max_vid': 2197, 'update_time': '2017-05-17 10:47:02', 'word_count': 397210, 'chapter_num': 128}
##book:  241086 504 1502907 2017-05-24 14:51:20 {'max_cid': 1653, 'max_vid': 2201, 'update_time': '2017-05-24 14:51:20', 'word_count': 1502907, 'chapter_num': 504}
##book:  156476 166 475085 2017-05-03 11:55:50 {'max_cid': 1819, 'max_vid': 2203, 'update_time': '2017-05-03 11:55:50', 'word_count': 475085, 'chapter_num': 166}
##book:  158825 471 1431867 2017-07-27 10:30:23 {'max_cid': 2246, 'max_vid': 2215, 'update_time': '2017-07-27 10:30:23', 'word_count': 1431867, 'chapter_num': 471}
##book:  225657 293 845572 2017-05-16 15:05:05 {'max_cid': 2214, 'max_vid': 2224, 'update_time': '2017-05-16 15:05:05', 'word_count': 845572, 'chapter_num': 293}
##book:  5366017 47 102812 2017-05-19 12:11:19 {'max_cid': 2261, 'max_vid': 2225, 'update_time': '2017-05-19 12:11:19', 'word_count': 102812, 'chapter_num': 47}
##book:  5364608 157 453474 2017-07-19 15:27:37 {'max_cid': 1634, 'max_vid': 2232, 'update_time': '2017-07-19 15:27:37', 'word_count': 453474, 'chapter_num': 157}
##book:  242233 280 851975 2017-06-15 13:44:47 {'max_cid': 1910, 'max_vid': 2235, 'update_time': '2017-06-15 13:44:47', 'word_count': 851975, 'chapter_num': 280}
##book:  222040 177 491756 2017-06-16 11:07:45 {'max_cid': 3567, 'max_vid': 2237, 'update_time': '2017-06-16 11:07:45', 'word_count': 491756, 'chapter_num': 177}
##book:  133929 256 791573 2017-07-19 15:31:14 {'max_cid': 1944, 'max_vid': 2240, 'update_time': '2017-07-19 15:31:14', 'word_count': 791573, 'chapter_num': 256}
##book:  154109 254 804111 2017-06-22 14:48:36 {'max_cid': 2198, 'max_vid': 2241, 'update_time': '2017-06-22 14:48:36', 'word_count': 804111, 'chapter_num': 254}
##book:  238903 559 1803018 2017-07-19 15:29:16 {'max_cid': 2489, 'max_vid': 2242, 'update_time': '2017-07-19 15:29:16', 'word_count': 1803018, 'chapter_num': 559}
##book:  144981 167 443255 2017-06-29 17:12:52 {'max_cid': 14226, 'max_vid': 2246, 'update_time': '2017-06-29 17:12:52', 'word_count': 443255, 'chapter_num': 167}
##book:  169350 187 532797 2017-07-19 15:26:17 {'max_cid': 3754, 'max_vid': 2247, 'update_time': '2017-07-19 15:26:17', 'word_count': 532797, 'chapter_num': 187}
##book:  179143 256 842516 2017-08-10 14:03:36 {'max_cid': 2786, 'max_vid': 2249, 'update_time': '2017-08-10 14:03:36', 'word_count': 842516, 'chapter_num': 256}
##book:  209624 241 729010 2017-07-19 15:24:51 {'max_cid': 2389, 'max_vid': 2250, 'update_time': '2017-07-19 15:24:51', 'word_count': 729010, 'chapter_num': 241}
##book:  5373849 54 115344 2017-07-19 15:23:32 {'max_cid': 2252, 'max_vid': 2251, 'update_time': '2017-07-19 15:23:32', 'word_count': 115344, 'chapter_num': 54}
##book:  5373946 47 111691 2017-07-19 15:20:22 {'max_cid': 2492, 'max_vid': 2252, 'update_time': '2017-07-19 15:20:22', 'word_count': 111691, 'chapter_num': 47}
##book:  5373948 165 367343 2017-08-18 14:41:57 {'max_cid': 1807, 'max_vid': 2254, 'update_time': '2017-08-18 14:41:57', 'word_count': 367343, 'chapter_num': 165}
##book:  224858 195 595403 2017-07-07 11:24:03 {'max_cid': 2002, 'max_vid': 2255, 'update_time': '2017-07-07 11:24:03', 'word_count': 595403, 'chapter_num': 195}
##book:  188203 276 855367 2017-07-19 15:17:41 {'max_cid': 3062, 'max_vid': 2256, 'update_time': '2017-07-19 15:17:41', 'word_count': 855367, 'chapter_num': 276}
##book:  154789 188 570822 2017-07-19 14:43:49 {'max_cid': 2440, 'max_vid': 2257, 'update_time': '2017-07-19 14:43:49', 'word_count': 570822, 'chapter_num': 188}
##book:  179476 152 432536 2017-07-19 14:39:47 {'max_cid': 2644, 'max_vid': 2258, 'update_time': '2017-07-19 14:39:47', 'word_count': 432536, 'chapter_num': 152}
##book:  196027 149 441090 2017-08-02 15:56:10 {'max_cid': 2410, 'max_vid': 2259, 'update_time': '2017-08-02 15:56:10', 'word_count': 441090, 'chapter_num': 149}
##book:  241250 285 834675 2017-07-18 13:53:06 {'max_cid': 4039, 'max_vid': 2260, 'update_time': '2017-07-18 13:53:06', 'word_count': 834675, 'chapter_num': 285}
##book:  5349202 85 102940 2017-07-18 13:57:30 {'max_cid': 2817, 'max_vid': 2261, 'update_time': '2017-07-18 13:57:30', 'word_count': 102940, 'chapter_num': 85}
##book:  91496 166 324124 2017-07-18 14:01:53 {'max_cid': 2810, 'max_vid': 2269, 'update_time': '2017-07-18 14:01:53', 'word_count': 324124, 'chapter_num': 166}
##book:  5364532 117 265459 2017-07-18 14:05:40 {'max_cid': 2934, 'max_vid': 2270, 'update_time': '2017-07-18 14:05:40', 'word_count': 265459, 'chapter_num': 117}
##book:  5373966 158 310259 2017-07-18 14:10:52 {'max_cid': 2968, 'max_vid': 2271, 'update_time': '2017-07-18 14:10:52', 'word_count': 310259, 'chapter_num': 158}
##book:  252725 275 791901 2017-07-19 15:03:03 {'max_cid': 2537, 'max_vid': 2273, 'update_time': '2017-07-19 15:03:03', 'word_count': 791901, 'chapter_num': 275}
##book:  126714 85 201976 2017-07-26 14:37:29 {'max_cid': 2474, 'max_vid': 2282, 'update_time': '2017-07-26 14:37:29', 'word_count': 201976, 'chapter_num': 85}
##book:  5374006 116 225065 2017-08-18 14:43:16 {'max_cid': 3084, 'max_vid': 2283, 'update_time': '2017-08-18 14:43:16', 'word_count': 225065, 'chapter_num': 116}
##book:  5387727 62 132435 2017-07-18 15:20:12 {'max_cid': 2472, 'max_vid': 2284, 'update_time': '2017-07-18 15:20:12', 'word_count': 132435, 'chapter_num': 62}
##book:  213297 228 631417 2017-07-20 16:57:26 {'max_cid': 2700, 'max_vid': 2286, 'update_time': '2017-07-20 16:57:26', 'word_count': 631417, 'chapter_num': 228}
##book:  5374033 54 99884 2017-07-18 16:34:09 {'max_cid': 3116, 'max_vid': 2287, 'update_time': '2017-07-18 16:34:09', 'word_count': 99884, 'chapter_num': 54}
##book:  5385793 41 81197 2017-07-18 16:08:28 {'max_cid': 3157, 'max_vid': 2288, 'update_time': '2017-07-18 16:08:28', 'word_count': 81197, 'chapter_num': 41}
##book:  5373899 46 106917 2017-07-18 17:01:50 {'max_cid': 2486, 'max_vid': 2289, 'update_time': '2017-07-18 17:01:50', 'word_count': 106917, 'chapter_num': 46}
##book:  5365199 73 146031 2017-07-18 16:50:28 {'max_cid': 2559, 'max_vid': 2290, 'update_time': '2017-07-18 16:50:28', 'word_count': 146031, 'chapter_num': 73}
##book:  5372231 39 64569 2017-07-20 15:31:59 {'max_cid': 14265, 'max_vid': 2292, 'update_time': '2017-07-20 15:31:59', 'word_count': 64569, 'chapter_num': 39}
##book:  184614 263 793765 2017-07-20 16:08:24 {'max_cid': 2737, 'max_vid': 2293, 'update_time': '2017-07-20 16:08:24', 'word_count': 793765, 'chapter_num': 263}
##book:  149894 226 703040 2017-08-02 15:59:20 {'max_cid': 2963, 'max_vid': 2294, 'update_time': '2017-08-02 15:59:20', 'word_count': 703040, 'chapter_num': 226}
##book:  185512 214 629354 2017-08-02 15:53:31 {'max_cid': 3148, 'max_vid': 2297, 'update_time': '2017-08-02 15:53:31', 'word_count': 629354, 'chapter_num': 214}
##book:  201783 164 491003 2017-08-02 15:52:36 {'max_cid': 3321, 'max_vid': 2301, 'update_time': '2017-08-02 15:52:36', 'word_count': 491003, 'chapter_num': 164}
##book:  170961 193 571814 2017-08-02 15:49:59 {'max_cid': 14458, 'max_vid': 2302, 'update_time': '2017-08-02 15:49:59', 'word_count': 571814, 'chapter_num': 193}
##book:  171073 252 703444 2017-07-31 09:45:53 {'max_cid': 3573, 'max_vid': 2303, 'update_time': '2017-07-31 09:45:53', 'word_count': 703444, 'chapter_num': 252}
##book:  180468 176 502807 2017-08-02 15:48:30 {'max_cid': 2178, 'max_vid': 2307, 'update_time': '2017-08-02 15:48:30', 'word_count': 502807, 'chapter_num': 176}
##book:  160550 200 578342 2017-08-03 15:40:16 {'max_cid': 4239, 'max_vid': 2312, 'update_time': '2017-08-03 15:40:16', 'word_count': 578342, 'chapter_num': 200}
##book:  175503 275 811326 2017-08-15 17:35:56 {'max_cid': 3848, 'max_vid': 2314, 'update_time': '2017-08-15 17:35:56', 'word_count': 811326, 'chapter_num': 275}
##book:  124064 236 640821 2017-08-07 17:49:37 {'max_cid': 3199, 'max_vid': 2315, 'update_time': '2017-08-07 17:49:37', 'word_count': 640821, 'chapter_num': 236}
##book:  133250 440 1476439 2017-08-08 16:39:00 {'max_cid': 4679, 'max_vid': 2321, 'update_time': '2017-08-08 16:39:00', 'word_count': 1476439, 'chapter_num': 440}
##book:  194715 192 583710 2017-08-15 17:35:08 {'max_cid': 2924, 'max_vid': 2325, 'update_time': '2017-08-15 17:35:08', 'word_count': 583710, 'chapter_num': 192}
##book:  114924 149 414479 2017-08-15 17:43:28 {'max_cid': 3348, 'max_vid': 2328, 'update_time': '2017-08-15 17:43:28', 'word_count': 414479, 'chapter_num': 149}
##book:  169360 118 307211 2017-08-15 17:49:52 {'max_cid': 4797, 'max_vid': 2332, 'update_time': '2017-08-15 17:49:52', 'word_count': 307211, 'chapter_num': 118}
##book:  5386668 157 312236 2017-08-15 17:48:10 {'max_cid': 2335, 'max_vid': 2338, 'update_time': '2017-08-15 17:48:10', 'word_count': 312236, 'chapter_num': 157}
##book:  139065 268 824548 2017-08-15 17:33:39 {'max_cid': 3192, 'max_vid': 2383, 'update_time': '2017-08-15 17:33:39', 'word_count': 824548, 'chapter_num': 268}
##book:  5373054 104 212703 2017-08-23 16:53:09 {'max_cid': 3452, 'max_vid': 2348, 'update_time': '2017-08-23 16:53:09', 'word_count': 212703, 'chapter_num': 104}
##book:  185061 244 757763 2017-08-25 14:46:17 {'max_cid': 14717, 'max_vid': 2352, 'update_time': '2017-08-25 14:46:17', 'word_count': 757763, 'chapter_num': 244}
##book:  5387084 46 105699 2017-09-01 17:45:34 {'max_cid': 3498, 'max_vid': 2362, 'update_time': '2017-09-01 17:45:34', 'word_count': 105699, 'chapter_num': 46}
